07-21 23:22 root         INFO     Start to compute features
07-21 23:22 root         INFO     processing age: added 1 columns
07-21 23:22 root         INFO     processing sex: added 1 columns
07-21 23:22 root         INFO     processing sibsp: added 1 columns
07-21 23:22 root         INFO     processing embarked: added 1 columns
07-21 23:22 root         INFO     finish feature extraction
07-21 23:22 root         INFO     Initialize model : lr
07-21 23:22 root         INFO     Model paramters: {'penalty': 'l2', 'C': 0.1, 'random_state': 4242, 'n_jobs': -1, 'max_iter': 100}
07-21 23:22 root         INFO     working on k-fold validation
07-21 23:22 root         INFO     Current model score: 0.746859
07-21 23:22 root         INFO     working on k-fold validation
07-21 23:22 root         INFO     Current model score: 0.775337
07-21 23:22 root         INFO     working on k-fold validation
07-21 23:22 root         INFO     Current model score: 0.808401
07-21 23:22 root         INFO     working on k-fold validation
07-21 23:22 root         INFO     Current model score: 0.779719
07-21 23:22 root         INFO     Model score: Mean: 0.777579; Std: 0.021814
07-21 23:22 root         INFO     Initialize model : xgb
07-21 23:22 root         INFO     Model paramters: {'reg_alpha': 0, 'colsample_bytree': 0.9, 'silent': 1, 'colsample_bylevel': 1, 'learning_rate': 0.02, 'nthread': -1, 'n_estimators': 100, 'subsample': 0.9, 'reg_lambda': 0, 'seed': 4242, 'objective': 'binary:logistic', 'max_depth': 3}
07-21 23:22 root         INFO     working on k-fold validation
07-21 23:22 root         INFO     generating stacking fold for model lr with seed 4242
07-21 23:22 root         INFO     generating individual fold
07-21 23:22 root         INFO     generating individual fold
07-21 23:22 root         INFO     generating individual fold
07-21 23:22 root         INFO     generating individual fold
07-21 23:22 root         INFO     stacking layer
07-21 23:22 root         INFO     Current model score: 0.826556
07-21 23:22 root         INFO     working on k-fold validation
07-21 23:22 root         INFO     generating stacking fold for model lr with seed 4242
07-21 23:22 root         INFO     generating individual fold
07-21 23:22 root         INFO     generating individual fold
07-21 23:22 root         INFO     generating individual fold
07-21 23:22 root         INFO     generating individual fold
07-21 23:22 root         INFO     stacking layer
07-21 23:22 root         INFO     Current model score: 0.859301
07-21 23:22 root         INFO     working on k-fold validation
07-21 23:22 root         INFO     generating stacking fold for model lr with seed 4242
07-21 23:22 root         INFO     generating individual fold
07-21 23:22 root         INFO     generating individual fold
07-21 23:22 root         INFO     generating individual fold
07-21 23:22 root         INFO     generating individual fold
07-21 23:22 root         INFO     stacking layer
07-21 23:22 root         INFO     Current model score: 0.808597
07-21 23:22 root         INFO     working on k-fold validation
07-21 23:22 root         INFO     generating stacking fold for model lr with seed 4242
07-21 23:22 root         INFO     generating individual fold
07-21 23:22 root         INFO     generating individual fold
07-21 23:22 root         INFO     generating individual fold
07-21 23:22 root         INFO     generating individual fold
07-21 23:22 root         INFO     stacking layer
07-21 23:22 root         INFO     Current model score: 0.801235
07-21 23:22 root         INFO     Model score: Mean: 0.823922; Std: 0.022407
07-21 23:22 root         INFO     generating stacking fold for model lr with seed 4242
07-21 23:22 root         INFO     generating individual fold
07-21 23:22 root         INFO     generating individual fold
07-21 23:22 root         INFO     generating individual fold
07-21 23:22 root         INFO     generating individual fold
07-21 23:22 root         INFO     stacking layer
